0 info it worked if it ends with ok
1 verbose cli [ '/usr/local/bin/node', '/usr/local/bin/npm', 'start' ]
2 info using npm@4.1.2
3 info using node@v7.5.0
4 verbose run-script [ 'prestart', 'start', 'poststart' ]
5 info lifecycle Local-Events-App@0.0.0~prestart: Local-Events-App@0.0.0
6 silly lifecycle Local-Events-App@0.0.0~prestart: no script for prestart, continuing
7 info lifecycle Local-Events-App@0.0.0~start: Local-Events-App@0.0.0
8 verbose lifecycle Local-Events-App@0.0.0~start: unsafe-perm in lifecycle true
9 verbose lifecycle Local-Events-App@0.0.0~start: PATH: /usr/local/lib/node_modules/npm/bin/node-gyp-bin:/var/www/html/FEED/StartingWithAngular2/node_modules/.bin:/home/anu/.rvm/gems/ruby-2.3.0/bin:/home/anu/.rvm/gems/ruby-2.3.0@global/bin:/home/anu/.rvm/rubies/ruby-2.3.0/bin:/usr/local/sbin:/usr/local/bin:/usr/sbin:/usr/bin:/sbin:/bin:/usr/games:/usr/local/games:/home/anu/.rvm/bin:/home/anu/.rvm/bin:/home/anu/.rvm/bin
10 verbose lifecycle Local-Events-App@0.0.0~start: CWD: /var/www/html/FEED/StartingWithAngular2
11 silly lifecycle Local-Events-App@0.0.0~start: Args: [ '-c', 'gulp' ]
12 silly lifecycle Local-Events-App@0.0.0~start: Returned: code: 1  signal: null
13 info lifecycle Local-Events-App@0.0.0~start: Failed to exec start script
14 verbose stack Error: Local-Events-App@0.0.0 start: `gulp`
14 verbose stack Exit status 1
14 verbose stack     at EventEmitter.<anonymous> (/usr/local/lib/node_modules/npm/lib/utils/lifecycle.js:279:16)
14 verbose stack     at emitTwo (events.js:106:13)
14 verbose stack     at EventEmitter.emit (events.js:192:7)
14 verbose stack     at ChildProcess.<anonymous> (/usr/local/lib/node_modules/npm/lib/utils/spawn.js:40:14)
14 verbose stack     at emitTwo (events.js:106:13)
14 verbose stack     at ChildProcess.emit (events.js:192:7)
14 verbose stack     at maybeClose (internal/child_process.js:890:16)
14 verbose stack     at Process.ChildProcess._handle.onexit (internal/child_process.js:226:5)
15 verbose pkgid Local-Events-App@0.0.0
16 verbose cwd /var/www/html/FEED/StartingWithAngular2
17 error Linux 4.2.0-42-generic
18 error argv "/usr/local/bin/node" "/usr/local/bin/npm" "start"
19 error node v7.5.0
20 error npm  v4.1.2
21 error code ELIFECYCLE
22 error Local-Events-App@0.0.0 start: `gulp`
22 error Exit status 1
23 error Failed at the Local-Events-App@0.0.0 start script 'gulp'.
23 error Make sure you have the latest version of node.js and npm installed.
23 error If you do, this is most likely a problem with the Local-Events-App package,
23 error not with npm itself.
23 error Tell the author that this fails on your system:
23 error     gulp
23 error You can get information on how to open an issue for this project with:
23 error     npm bugs Local-Events-App
23 error Or if that isn't available, you can get their info via:
23 error     npm owner ls Local-Events-App
23 error There is likely additional logging output above.
24 verbose exit [ 1, true ]
